<?xml version="1.0" encoding="UTF-8"?>
<testng-results ignored="0" total="1" passed="1" failed="0" skipped="0">
  <reporter-output>
  </reporter-output>
  <suite started-at="2023-11-17T02:41:28 IST" name="Default suite" finished-at="2023-11-17T02:41:32 IST" duration-ms="3651">
    <groups>
    </groups>
    <test started-at="2023-11-17T02:41:28 IST" name="Default test" finished-at="2023-11-17T02:41:32 IST" duration-ms="3651">
      <class name="TestFolders.GetDataFromDB">
        <test-method is-config="true" signature="beforeTest()[pri:0, instance:TestFolders.GetDataFromDB@59309333]" started-at="2023-11-17T02:41:28 IST" name="beforeTest" finished-at="2023-11-17T02:41:31 IST" duration-ms="3253" status="PASS">
          <reporter-output>
          </reporter-output>
        </test-method> <!-- beforeTest -->
        <test-method signature="Test(java.lang.String,java.lang.String)[pri:0, instance:TestFolders.GetDataFromDB@59309333]" started-at="2023-11-17T02:41:31 IST" name="Test" data-provider="getData" finished-at="2023-11-17T02:41:31 IST" duration-ms="160" status="PASS">
          <params>
            <param index="0">
              <value>
                <![CDATA[anubhav]]>
              </value>
            </param>
            <param index="1">
              <value>
                <![CDATA[Anubhav@11]]>
              </value>
            </param>
          </params>
          <reporter-output>
          </reporter-output>
        </test-method> <!-- Test -->
        <test-method is-config="true" signature="afterTest()[pri:0, instance:TestFolders.GetDataFromDB@59309333]" started-at="2023-11-17T02:41:31 IST" name="afterTest" finished-at="2023-11-17T02:41:32 IST" duration-ms="91" status="PASS">
          <reporter-output>
          </reporter-output>
        </test-method> <!-- afterTest -->
      </class> <!-- TestFolders.GetDataFromDB -->
    </test> <!-- Default test -->
  </suite> <!-- Default suite -->
</testng-results>
