<?xml version="1.0" encoding="UTF-8"?>
<testng-results ignored="0" total="2" passed="2" failed="0" skipped="0">
  <reporter-output>
  </reporter-output>
  <suite started-at="2023-11-17T03:46:44 IST" name="Default suite" finished-at="2023-11-17T03:46:52 IST" duration-ms="7607">
    <groups>
    </groups>
    <test started-at="2023-11-17T03:46:44 IST" name="Default test" finished-at="2023-11-17T03:46:52 IST" duration-ms="7607">
      <class name="TestFolders.GetDataFromDB">
        <test-method is-config="true" signature="beforeTest()[pri:0, instance:TestFolders.GetDataFromDB@3ce1e309]" started-at="2023-11-17T03:46:45 IST" name="beforeTest" finished-at="2023-11-17T03:46:48 IST" duration-ms="3975" status="PASS">
          <reporter-output>
          </reporter-output>
        </test-method> <!-- beforeTest -->
        <test-method signature="Test(java.lang.String,java.lang.String)[pri:0, instance:TestFolders.GetDataFromDB@3ce1e309]" started-at="2023-11-17T03:46:48 IST" name="Test" data-provider="getData" finished-at="2023-11-17T03:46:49 IST" duration-ms="246" status="PASS">
          <params>
            <param index="0">
              <value>
                <![CDATA[anubhav]]>
              </value>
            </param>
            <param index="1">
              <value>
                <![CDATA[Anubhav@11]]>
              </value>
            </param>
          </params>
          <reporter-output>
          </reporter-output>
        </test-method> <!-- Test -->
        <test-method is-config="true" signature="afterTest()[pri:0, instance:TestFolders.GetDataFromDB@3ce1e309]" started-at="2023-11-17T03:46:49 IST" name="afterTest" finished-at="2023-11-17T03:46:49 IST" duration-ms="90" status="PASS">
          <reporter-output>
          </reporter-output>
        </test-method> <!-- afterTest -->
        <test-method is-config="true" signature="beforeTest()[pri:0, instance:TestFolders.GetDataFromDB@3ce1e309]" started-at="2023-11-17T03:46:49 IST" name="beforeTest" finished-at="2023-11-17T03:46:51 IST" duration-ms="2561" status="PASS">
          <reporter-output>
          </reporter-output>
        </test-method> <!-- beforeTest -->
        <test-method signature="Test(java.lang.String,java.lang.String)[pri:0, instance:TestFolders.GetDataFromDB@3ce1e309]" started-at="2023-11-17T03:46:51 IST" name="Test" data-provider="getData" finished-at="2023-11-17T03:46:52 IST" duration-ms="235" status="PASS">
          <params>
            <param index="0">
              <value>
                <![CDATA[anubhav]]>
              </value>
            </param>
            <param index="1">
              <value>
                <![CDATA[Anubhav@11]]>
              </value>
            </param>
          </params>
          <reporter-output>
          </reporter-output>
        </test-method> <!-- Test -->
        <test-method is-config="true" signature="afterTest()[pri:0, instance:TestFolders.GetDataFromDB@3ce1e309]" started-at="2023-11-17T03:46:52 IST" name="afterTest" finished-at="2023-11-17T03:46:52 IST" duration-ms="88" status="PASS">
          <reporter-output>
          </reporter-output>
        </test-method> <!-- afterTest -->
      </class> <!-- TestFolders.GetDataFromDB -->
    </test> <!-- Default test -->
  </suite> <!-- Default suite -->
</testng-results>
